2019-06-28 22:47:16,247 [INFO ]  Loading checkpoint from ../faster_RCNN_R_50_C4_strat2/model_final.pth
2019-06-28 22:47:16,387 [INFO ]  backbone.body.layer1.0.bn1.bias                                         loaded from backbone.body.layer1.0.bn1.bias                                         of shape (64,)
2019-06-28 22:47:16,387 [INFO ]  backbone.body.layer1.0.bn1.running_mean                                 loaded from backbone.body.layer1.0.bn1.running_mean                                 of shape (64,)
2019-06-28 22:47:16,387 [INFO ]  backbone.body.layer1.0.bn1.running_var                                  loaded from backbone.body.layer1.0.bn1.running_var                                  of shape (64,)
2019-06-28 22:47:16,387 [INFO ]  backbone.body.layer1.0.bn1.weight                                       loaded from backbone.body.layer1.0.bn1.weight                                       of shape (64,)
2019-06-28 22:47:16,387 [INFO ]  backbone.body.layer1.0.bn2.bias                                         loaded from backbone.body.layer1.0.bn2.bias                                         of shape (64,)
2019-06-28 22:47:16,388 [INFO ]  backbone.body.layer1.0.bn2.running_mean                                 loaded from backbone.body.layer1.0.bn2.running_mean                                 of shape (64,)
2019-06-28 22:47:16,388 [INFO ]  backbone.body.layer1.0.bn2.running_var                                  loaded from backbone.body.layer1.0.bn2.running_var                                  of shape (64,)
2019-06-28 22:47:16,388 [INFO ]  backbone.body.layer1.0.bn2.weight                                       loaded from backbone.body.layer1.0.bn2.weight                                       of shape (64,)
2019-06-28 22:47:16,388 [INFO ]  backbone.body.layer1.0.bn3.bias                                         loaded from backbone.body.layer1.0.bn3.bias                                         of shape (256,)
2019-06-28 22:47:16,388 [INFO ]  backbone.body.layer1.0.bn3.running_mean                                 loaded from backbone.body.layer1.0.bn3.running_mean                                 of shape (256,)
2019-06-28 22:47:16,388 [INFO ]  backbone.body.layer1.0.bn3.running_var                                  loaded from backbone.body.layer1.0.bn3.running_var                                  of shape (256,)
2019-06-28 22:47:16,388 [INFO ]  backbone.body.layer1.0.bn3.weight                                       loaded from backbone.body.layer1.0.bn3.weight                                       of shape (256,)
2019-06-28 22:47:16,388 [INFO ]  backbone.body.layer1.0.conv1.weight                                     loaded from backbone.body.layer1.0.conv1.weight                                     of shape (64, 64, 1, 1)
2019-06-28 22:47:16,388 [INFO ]  backbone.body.layer1.0.conv2.weight                                     loaded from backbone.body.layer1.0.conv2.weight                                     of shape (64, 64, 3, 3)
2019-06-28 22:47:16,388 [INFO ]  backbone.body.layer1.0.conv3.weight                                     loaded from backbone.body.layer1.0.conv3.weight                                     of shape (256, 64, 1, 1)
2019-06-28 22:47:16,388 [INFO ]  backbone.body.layer1.0.downsample.0.weight                              loaded from backbone.body.layer1.0.downsample.0.weight                              of shape (256, 64, 1, 1)
2019-06-28 22:47:16,388 [INFO ]  backbone.body.layer1.0.downsample.1.bias                                loaded from backbone.body.layer1.0.downsample.1.bias                                of shape (256,)
2019-06-28 22:47:16,389 [INFO ]  backbone.body.layer1.0.downsample.1.running_mean                        loaded from backbone.body.layer1.0.downsample.1.running_mean                        of shape (256,)
2019-06-28 22:47:16,389 [INFO ]  backbone.body.layer1.0.downsample.1.running_var                         loaded from backbone.body.layer1.0.downsample.1.running_var                         of shape (256,)
2019-06-28 22:47:16,389 [INFO ]  backbone.body.layer1.0.downsample.1.weight                              loaded from backbone.body.layer1.0.downsample.1.weight                              of shape (256,)
2019-06-28 22:47:16,389 [INFO ]  backbone.body.layer1.1.bn1.bias                                         loaded from backbone.body.layer1.1.bn1.bias                                         of shape (64,)
2019-06-28 22:47:16,389 [INFO ]  backbone.body.layer1.1.bn1.running_mean                                 loaded from backbone.body.layer1.1.bn1.running_mean                                 of shape (64,)
2019-06-28 22:47:16,389 [INFO ]  backbone.body.layer1.1.bn1.running_var                                  loaded from backbone.body.layer1.1.bn1.running_var                                  of shape (64,)
2019-06-28 22:47:16,389 [INFO ]  backbone.body.layer1.1.bn1.weight                                       loaded from backbone.body.layer1.1.bn1.weight                                       of shape (64,)
2019-06-28 22:47:16,389 [INFO ]  backbone.body.layer1.1.bn2.bias                                         loaded from backbone.body.layer1.1.bn2.bias                                         of shape (64,)
2019-06-28 22:47:16,389 [INFO ]  backbone.body.layer1.1.bn2.running_mean                                 loaded from backbone.body.layer1.1.bn2.running_mean                                 of shape (64,)
2019-06-28 22:47:16,389 [INFO ]  backbone.body.layer1.1.bn2.running_var                                  loaded from backbone.body.layer1.1.bn2.running_var                                  of shape (64,)
2019-06-28 22:47:16,389 [INFO ]  backbone.body.layer1.1.bn2.weight                                       loaded from backbone.body.layer1.1.bn2.weight                                       of shape (64,)
2019-06-28 22:47:16,389 [INFO ]  backbone.body.layer1.1.bn3.bias                                         loaded from backbone.body.layer1.1.bn3.bias                                         of shape (256,)
2019-06-28 22:47:16,390 [INFO ]  backbone.body.layer1.1.bn3.running_mean                                 loaded from backbone.body.layer1.1.bn3.running_mean                                 of shape (256,)
2019-06-28 22:47:16,390 [INFO ]  backbone.body.layer1.1.bn3.running_var                                  loaded from backbone.body.layer1.1.bn3.running_var                                  of shape (256,)
2019-06-28 22:47:16,390 [INFO ]  backbone.body.layer1.1.bn3.weight                                       loaded from backbone.body.layer1.1.bn3.weight                                       of shape (256,)
2019-06-28 22:47:16,390 [INFO ]  backbone.body.layer1.1.conv1.weight                                     loaded from backbone.body.layer1.1.conv1.weight                                     of shape (64, 256, 1, 1)
2019-06-28 22:47:16,390 [INFO ]  backbone.body.layer1.1.conv2.weight                                     loaded from backbone.body.layer1.1.conv2.weight                                     of shape (64, 64, 3, 3)
2019-06-28 22:47:16,390 [INFO ]  backbone.body.layer1.1.conv3.weight                                     loaded from backbone.body.layer1.1.conv3.weight                                     of shape (256, 64, 1, 1)
2019-06-28 22:47:16,390 [INFO ]  backbone.body.layer1.2.bn1.bias                                         loaded from backbone.body.layer1.2.bn1.bias                                         of shape (64,)
2019-06-28 22:47:16,390 [INFO ]  backbone.body.layer1.2.bn1.running_mean                                 loaded from backbone.body.layer1.2.bn1.running_mean                                 of shape (64,)
2019-06-28 22:47:16,390 [INFO ]  backbone.body.layer1.2.bn1.running_var                                  loaded from backbone.body.layer1.2.bn1.running_var                                  of shape (64,)
2019-06-28 22:47:16,390 [INFO ]  backbone.body.layer1.2.bn1.weight                                       loaded from backbone.body.layer1.2.bn1.weight                                       of shape (64,)
2019-06-28 22:47:16,390 [INFO ]  backbone.body.layer1.2.bn2.bias                                         loaded from backbone.body.layer1.2.bn2.bias                                         of shape (64,)
2019-06-28 22:47:16,390 [INFO ]  backbone.body.layer1.2.bn2.running_mean                                 loaded from backbone.body.layer1.2.bn2.running_mean                                 of shape (64,)
2019-06-28 22:47:16,391 [INFO ]  backbone.body.layer1.2.bn2.running_var                                  loaded from backbone.body.layer1.2.bn2.running_var                                  of shape (64,)
2019-06-28 22:47:16,391 [INFO ]  backbone.body.layer1.2.bn2.weight                                       loaded from backbone.body.layer1.2.bn2.weight                                       of shape (64,)
2019-06-28 22:47:16,391 [INFO ]  backbone.body.layer1.2.bn3.bias                                         loaded from backbone.body.layer1.2.bn3.bias                                         of shape (256,)
2019-06-28 22:47:16,391 [INFO ]  backbone.body.layer1.2.bn3.running_mean                                 loaded from backbone.body.layer1.2.bn3.running_mean                                 of shape (256,)
2019-06-28 22:47:16,391 [INFO ]  backbone.body.layer1.2.bn3.running_var                                  loaded from backbone.body.layer1.2.bn3.running_var                                  of shape (256,)
2019-06-28 22:47:16,391 [INFO ]  backbone.body.layer1.2.bn3.weight                                       loaded from backbone.body.layer1.2.bn3.weight                                       of shape (256,)
2019-06-28 22:47:16,391 [INFO ]  backbone.body.layer1.2.conv1.weight                                     loaded from backbone.body.layer1.2.conv1.weight                                     of shape (64, 256, 1, 1)
2019-06-28 22:47:16,391 [INFO ]  backbone.body.layer1.2.conv2.weight                                     loaded from backbone.body.layer1.2.conv2.weight                                     of shape (64, 64, 3, 3)
2019-06-28 22:47:16,391 [INFO ]  backbone.body.layer1.2.conv3.weight                                     loaded from backbone.body.layer1.2.conv3.weight                                     of shape (256, 64, 1, 1)
2019-06-28 22:47:16,391 [INFO ]  backbone.body.layer2.0.bn1.bias                                         loaded from backbone.body.layer2.0.bn1.bias                                         of shape (128,)
2019-06-28 22:47:16,391 [INFO ]  backbone.body.layer2.0.bn1.running_mean                                 loaded from backbone.body.layer2.0.bn1.running_mean                                 of shape (128,)
2019-06-28 22:47:16,391 [INFO ]  backbone.body.layer2.0.bn1.running_var                                  loaded from backbone.body.layer2.0.bn1.running_var                                  of shape (128,)
2019-06-28 22:47:16,391 [INFO ]  backbone.body.layer2.0.bn1.weight                                       loaded from backbone.body.layer2.0.bn1.weight                                       of shape (128,)
2019-06-28 22:47:16,392 [INFO ]  backbone.body.layer2.0.bn2.bias                                         loaded from backbone.body.layer2.0.bn2.bias                                         of shape (128,)
2019-06-28 22:47:16,392 [INFO ]  backbone.body.layer2.0.bn2.running_mean                                 loaded from backbone.body.layer2.0.bn2.running_mean                                 of shape (128,)
2019-06-28 22:47:16,392 [INFO ]  backbone.body.layer2.0.bn2.running_var                                  loaded from backbone.body.layer2.0.bn2.running_var                                  of shape (128,)
2019-06-28 22:47:16,392 [INFO ]  backbone.body.layer2.0.bn2.weight                                       loaded from backbone.body.layer2.0.bn2.weight                                       of shape (128,)
2019-06-28 22:47:16,392 [INFO ]  backbone.body.layer2.0.bn3.bias                                         loaded from backbone.body.layer2.0.bn3.bias                                         of shape (512,)
2019-06-28 22:47:16,392 [INFO ]  backbone.body.layer2.0.bn3.running_mean                                 loaded from backbone.body.layer2.0.bn3.running_mean                                 of shape (512,)
2019-06-28 22:47:16,392 [INFO ]  backbone.body.layer2.0.bn3.running_var                                  loaded from backbone.body.layer2.0.bn3.running_var                                  of shape (512,)
2019-06-28 22:47:16,392 [INFO ]  backbone.body.layer2.0.bn3.weight                                       loaded from backbone.body.layer2.0.bn3.weight                                       of shape (512,)
2019-06-28 22:47:16,392 [INFO ]  backbone.body.layer2.0.conv1.weight                                     loaded from backbone.body.layer2.0.conv1.weight                                     of shape (128, 256, 1, 1)
2019-06-28 22:47:16,392 [INFO ]  backbone.body.layer2.0.conv2.weight                                     loaded from backbone.body.layer2.0.conv2.weight                                     of shape (128, 128, 3, 3)
2019-06-28 22:47:16,392 [INFO ]  backbone.body.layer2.0.conv3.weight                                     loaded from backbone.body.layer2.0.conv3.weight                                     of shape (512, 128, 1, 1)
2019-06-28 22:47:16,392 [INFO ]  backbone.body.layer2.0.downsample.0.weight                              loaded from backbone.body.layer2.0.downsample.0.weight                              of shape (512, 256, 1, 1)
2019-06-28 22:47:16,393 [INFO ]  backbone.body.layer2.0.downsample.1.bias                                loaded from backbone.body.layer2.0.downsample.1.bias                                of shape (512,)
2019-06-28 22:47:16,393 [INFO ]  backbone.body.layer2.0.downsample.1.running_mean                        loaded from backbone.body.layer2.0.downsample.1.running_mean                        of shape (512,)
2019-06-28 22:47:16,393 [INFO ]  backbone.body.layer2.0.downsample.1.running_var                         loaded from backbone.body.layer2.0.downsample.1.running_var                         of shape (512,)
2019-06-28 22:47:16,393 [INFO ]  backbone.body.layer2.0.downsample.1.weight                              loaded from backbone.body.layer2.0.downsample.1.weight                              of shape (512,)
2019-06-28 22:47:16,393 [INFO ]  backbone.body.layer2.1.bn1.bias                                         loaded from backbone.body.layer2.1.bn1.bias                                         of shape (128,)
2019-06-28 22:47:16,393 [INFO ]  backbone.body.layer2.1.bn1.running_mean                                 loaded from backbone.body.layer2.1.bn1.running_mean                                 of shape (128,)
2019-06-28 22:47:16,393 [INFO ]  backbone.body.layer2.1.bn1.running_var                                  loaded from backbone.body.layer2.1.bn1.running_var                                  of shape (128,)
2019-06-28 22:47:16,393 [INFO ]  backbone.body.layer2.1.bn1.weight                                       loaded from backbone.body.layer2.1.bn1.weight                                       of shape (128,)
2019-06-28 22:47:16,393 [INFO ]  backbone.body.layer2.1.bn2.bias                                         loaded from backbone.body.layer2.1.bn2.bias                                         of shape (128,)
2019-06-28 22:47:16,393 [INFO ]  backbone.body.layer2.1.bn2.running_mean                                 loaded from backbone.body.layer2.1.bn2.running_mean                                 of shape (128,)
2019-06-28 22:47:16,393 [INFO ]  backbone.body.layer2.1.bn2.running_var                                  loaded from backbone.body.layer2.1.bn2.running_var                                  of shape (128,)
2019-06-28 22:47:16,393 [INFO ]  backbone.body.layer2.1.bn2.weight                                       loaded from backbone.body.layer2.1.bn2.weight                                       of shape (128,)
2019-06-28 22:47:16,394 [INFO ]  backbone.body.layer2.1.bn3.bias                                         loaded from backbone.body.layer2.1.bn3.bias                                         of shape (512,)
2019-06-28 22:47:16,394 [INFO ]  backbone.body.layer2.1.bn3.running_mean                                 loaded from backbone.body.layer2.1.bn3.running_mean                                 of shape (512,)
2019-06-28 22:47:16,394 [INFO ]  backbone.body.layer2.1.bn3.running_var                                  loaded from backbone.body.layer2.1.bn3.running_var                                  of shape (512,)
2019-06-28 22:47:16,394 [INFO ]  backbone.body.layer2.1.bn3.weight                                       loaded from backbone.body.layer2.1.bn3.weight                                       of shape (512,)
2019-06-28 22:47:16,394 [INFO ]  backbone.body.layer2.1.conv1.weight                                     loaded from backbone.body.layer2.1.conv1.weight                                     of shape (128, 512, 1, 1)
2019-06-28 22:47:16,394 [INFO ]  backbone.body.layer2.1.conv2.weight                                     loaded from backbone.body.layer2.1.conv2.weight                                     of shape (128, 128, 3, 3)
2019-06-28 22:47:16,394 [INFO ]  backbone.body.layer2.1.conv3.weight                                     loaded from backbone.body.layer2.1.conv3.weight                                     of shape (512, 128, 1, 1)
2019-06-28 22:47:16,394 [INFO ]  backbone.body.layer2.2.bn1.bias                                         loaded from backbone.body.layer2.2.bn1.bias                                         of shape (128,)
2019-06-28 22:47:16,394 [INFO ]  backbone.body.layer2.2.bn1.running_mean                                 loaded from backbone.body.layer2.2.bn1.running_mean                                 of shape (128,)
2019-06-28 22:47:16,394 [INFO ]  backbone.body.layer2.2.bn1.running_var                                  loaded from backbone.body.layer2.2.bn1.running_var                                  of shape (128,)
2019-06-28 22:47:16,394 [INFO ]  backbone.body.layer2.2.bn1.weight                                       loaded from backbone.body.layer2.2.bn1.weight                                       of shape (128,)
2019-06-28 22:47:16,394 [INFO ]  backbone.body.layer2.2.bn2.bias                                         loaded from backbone.body.layer2.2.bn2.bias                                         of shape (128,)
2019-06-28 22:47:16,394 [INFO ]  backbone.body.layer2.2.bn2.running_mean                                 loaded from backbone.body.layer2.2.bn2.running_mean                                 of shape (128,)
2019-06-28 22:47:16,395 [INFO ]  backbone.body.layer2.2.bn2.running_var                                  loaded from backbone.body.layer2.2.bn2.running_var                                  of shape (128,)
2019-06-28 22:47:16,395 [INFO ]  backbone.body.layer2.2.bn2.weight                                       loaded from backbone.body.layer2.2.bn2.weight                                       of shape (128,)
2019-06-28 22:47:16,395 [INFO ]  backbone.body.layer2.2.bn3.bias                                         loaded from backbone.body.layer2.2.bn3.bias                                         of shape (512,)
2019-06-28 22:47:16,395 [INFO ]  backbone.body.layer2.2.bn3.running_mean                                 loaded from backbone.body.layer2.2.bn3.running_mean                                 of shape (512,)
2019-06-28 22:47:16,395 [INFO ]  backbone.body.layer2.2.bn3.running_var                                  loaded from backbone.body.layer2.2.bn3.running_var                                  of shape (512,)
2019-06-28 22:47:16,395 [INFO ]  backbone.body.layer2.2.bn3.weight                                       loaded from backbone.body.layer2.2.bn3.weight                                       of shape (512,)
2019-06-28 22:47:16,395 [INFO ]  backbone.body.layer2.2.conv1.weight                                     loaded from backbone.body.layer2.2.conv1.weight                                     of shape (128, 512, 1, 1)
2019-06-28 22:47:16,395 [INFO ]  backbone.body.layer2.2.conv2.weight                                     loaded from backbone.body.layer2.2.conv2.weight                                     of shape (128, 128, 3, 3)
2019-06-28 22:47:16,395 [INFO ]  backbone.body.layer2.2.conv3.weight                                     loaded from backbone.body.layer2.2.conv3.weight                                     of shape (512, 128, 1, 1)
2019-06-28 22:47:16,395 [INFO ]  backbone.body.layer2.3.bn1.bias                                         loaded from backbone.body.layer2.3.bn1.bias                                         of shape (128,)
2019-06-28 22:47:16,411 [INFO ]  backbone.body.layer2.3.bn1.running_mean                                 loaded from backbone.body.layer2.3.bn1.running_mean                                 of shape (128,)
2019-06-28 22:47:16,411 [INFO ]  backbone.body.layer2.3.bn1.running_var                                  loaded from backbone.body.layer2.3.bn1.running_var                                  of shape (128,)
2019-06-28 22:47:16,411 [INFO ]  backbone.body.layer2.3.bn1.weight                                       loaded from backbone.body.layer2.3.bn1.weight                                       of shape (128,)
2019-06-28 22:47:16,411 [INFO ]  backbone.body.layer2.3.bn2.bias                                         loaded from backbone.body.layer2.3.bn2.bias                                         of shape (128,)
2019-06-28 22:47:16,411 [INFO ]  backbone.body.layer2.3.bn2.running_mean                                 loaded from backbone.body.layer2.3.bn2.running_mean                                 of shape (128,)
2019-06-28 22:47:16,411 [INFO ]  backbone.body.layer2.3.bn2.running_var                                  loaded from backbone.body.layer2.3.bn2.running_var                                  of shape (128,)
2019-06-28 22:47:16,411 [INFO ]  backbone.body.layer2.3.bn2.weight                                       loaded from backbone.body.layer2.3.bn2.weight                                       of shape (128,)
2019-06-28 22:47:16,411 [INFO ]  backbone.body.layer2.3.bn3.bias                                         loaded from backbone.body.layer2.3.bn3.bias                                         of shape (512,)
2019-06-28 22:47:16,411 [INFO ]  backbone.body.layer2.3.bn3.running_mean                                 loaded from backbone.body.layer2.3.bn3.running_mean                                 of shape (512,)
2019-06-28 22:47:16,412 [INFO ]  backbone.body.layer2.3.bn3.running_var                                  loaded from backbone.body.layer2.3.bn3.running_var                                  of shape (512,)
2019-06-28 22:47:16,412 [INFO ]  backbone.body.layer2.3.bn3.weight                                       loaded from backbone.body.layer2.3.bn3.weight                                       of shape (512,)
2019-06-28 22:47:16,412 [INFO ]  backbone.body.layer2.3.conv1.weight                                     loaded from backbone.body.layer2.3.conv1.weight                                     of shape (128, 512, 1, 1)
2019-06-28 22:47:16,412 [INFO ]  backbone.body.layer2.3.conv2.weight                                     loaded from backbone.body.layer2.3.conv2.weight                                     of shape (128, 128, 3, 3)
2019-06-28 22:47:16,412 [INFO ]  backbone.body.layer2.3.conv3.weight                                     loaded from backbone.body.layer2.3.conv3.weight                                     of shape (512, 128, 1, 1)
2019-06-28 22:47:16,412 [INFO ]  backbone.body.layer3.0.bn1.bias                                         loaded from backbone.body.layer3.0.bn1.bias                                         of shape (256,)
2019-06-28 22:47:16,412 [INFO ]  backbone.body.layer3.0.bn1.running_mean                                 loaded from backbone.body.layer3.0.bn1.running_mean                                 of shape (256,)
2019-06-28 22:47:16,412 [INFO ]  backbone.body.layer3.0.bn1.running_var                                  loaded from backbone.body.layer3.0.bn1.running_var                                  of shape (256,)
2019-06-28 22:47:16,412 [INFO ]  backbone.body.layer3.0.bn1.weight                                       loaded from backbone.body.layer3.0.bn1.weight                                       of shape (256,)
2019-06-28 22:47:16,412 [INFO ]  backbone.body.layer3.0.bn2.bias                                         loaded from backbone.body.layer3.0.bn2.bias                                         of shape (256,)
2019-06-28 22:47:16,412 [INFO ]  backbone.body.layer3.0.bn2.running_mean                                 loaded from backbone.body.layer3.0.bn2.running_mean                                 of shape (256,)
2019-06-28 22:47:16,412 [INFO ]  backbone.body.layer3.0.bn2.running_var                                  loaded from backbone.body.layer3.0.bn2.running_var                                  of shape (256,)
2019-06-28 22:47:16,413 [INFO ]  backbone.body.layer3.0.bn2.weight                                       loaded from backbone.body.layer3.0.bn2.weight                                       of shape (256,)
2019-06-28 22:47:16,413 [INFO ]  backbone.body.layer3.0.bn3.bias                                         loaded from backbone.body.layer3.0.bn3.bias                                         of shape (1024,)
2019-06-28 22:47:16,413 [INFO ]  backbone.body.layer3.0.bn3.running_mean                                 loaded from backbone.body.layer3.0.bn3.running_mean                                 of shape (1024,)
2019-06-28 22:47:16,413 [INFO ]  backbone.body.layer3.0.bn3.running_var                                  loaded from backbone.body.layer3.0.bn3.running_var                                  of shape (1024,)
2019-06-28 22:47:16,413 [INFO ]  backbone.body.layer3.0.bn3.weight                                       loaded from backbone.body.layer3.0.bn3.weight                                       of shape (1024,)
2019-06-28 22:47:16,413 [INFO ]  backbone.body.layer3.0.conv1.weight                                     loaded from backbone.body.layer3.0.conv1.weight                                     of shape (256, 512, 1, 1)
2019-06-28 22:47:16,413 [INFO ]  backbone.body.layer3.0.conv2.weight                                     loaded from backbone.body.layer3.0.conv2.weight                                     of shape (256, 256, 3, 3)
2019-06-28 22:47:16,413 [INFO ]  backbone.body.layer3.0.conv3.weight                                     loaded from backbone.body.layer3.0.conv3.weight                                     of shape (1024, 256, 1, 1)
2019-06-28 22:47:16,413 [INFO ]  backbone.body.layer3.0.downsample.0.weight                              loaded from backbone.body.layer3.0.downsample.0.weight                              of shape (1024, 512, 1, 1)
2019-06-28 22:47:16,413 [INFO ]  backbone.body.layer3.0.downsample.1.bias                                loaded from backbone.body.layer3.0.downsample.1.bias                                of shape (1024,)
2019-06-28 22:47:16,413 [INFO ]  backbone.body.layer3.0.downsample.1.running_mean                        loaded from backbone.body.layer3.0.downsample.1.running_mean                        of shape (1024,)
2019-06-28 22:47:16,413 [INFO ]  backbone.body.layer3.0.downsample.1.running_var                         loaded from backbone.body.layer3.0.downsample.1.running_var                         of shape (1024,)
2019-06-28 22:47:16,413 [INFO ]  backbone.body.layer3.0.downsample.1.weight                              loaded from backbone.body.layer3.0.downsample.1.weight                              of shape (1024,)
2019-06-28 22:47:16,414 [INFO ]  backbone.body.layer3.1.bn1.bias                                         loaded from backbone.body.layer3.1.bn1.bias                                         of shape (256,)
2019-06-28 22:47:16,414 [INFO ]  backbone.body.layer3.1.bn1.running_mean                                 loaded from backbone.body.layer3.1.bn1.running_mean                                 of shape (256,)
2019-06-28 22:47:16,414 [INFO ]  backbone.body.layer3.1.bn1.running_var                                  loaded from backbone.body.layer3.1.bn1.running_var                                  of shape (256,)
2019-06-28 22:47:16,414 [INFO ]  backbone.body.layer3.1.bn1.weight                                       loaded from backbone.body.layer3.1.bn1.weight                                       of shape (256,)
2019-06-28 22:47:16,414 [INFO ]  backbone.body.layer3.1.bn2.bias                                         loaded from backbone.body.layer3.1.bn2.bias                                         of shape (256,)
2019-06-28 22:47:16,414 [INFO ]  backbone.body.layer3.1.bn2.running_mean                                 loaded from backbone.body.layer3.1.bn2.running_mean                                 of shape (256,)
2019-06-28 22:47:16,414 [INFO ]  backbone.body.layer3.1.bn2.running_var                                  loaded from backbone.body.layer3.1.bn2.running_var                                  of shape (256,)
2019-06-28 22:47:16,414 [INFO ]  backbone.body.layer3.1.bn2.weight                                       loaded from backbone.body.layer3.1.bn2.weight                                       of shape (256,)
2019-06-28 22:47:16,414 [INFO ]  backbone.body.layer3.1.bn3.bias                                         loaded from backbone.body.layer3.1.bn3.bias                                         of shape (1024,)
2019-06-28 22:47:16,414 [INFO ]  backbone.body.layer3.1.bn3.running_mean                                 loaded from backbone.body.layer3.1.bn3.running_mean                                 of shape (1024,)
2019-06-28 22:47:16,414 [INFO ]  backbone.body.layer3.1.bn3.running_var                                  loaded from backbone.body.layer3.1.bn3.running_var                                  of shape (1024,)
2019-06-28 22:47:16,414 [INFO ]  backbone.body.layer3.1.bn3.weight                                       loaded from backbone.body.layer3.1.bn3.weight                                       of shape (1024,)
2019-06-28 22:47:16,415 [INFO ]  backbone.body.layer3.1.conv1.weight                                     loaded from backbone.body.layer3.1.conv1.weight                                     of shape (256, 1024, 1, 1)
2019-06-28 22:47:16,415 [INFO ]  backbone.body.layer3.1.conv2.weight                                     loaded from backbone.body.layer3.1.conv2.weight                                     of shape (256, 256, 3, 3)
2019-06-28 22:47:16,415 [INFO ]  backbone.body.layer3.1.conv3.weight                                     loaded from backbone.body.layer3.1.conv3.weight                                     of shape (1024, 256, 1, 1)
2019-06-28 22:47:16,415 [INFO ]  backbone.body.layer3.2.bn1.bias                                         loaded from backbone.body.layer3.2.bn1.bias                                         of shape (256,)
2019-06-28 22:47:16,415 [INFO ]  backbone.body.layer3.2.bn1.running_mean                                 loaded from backbone.body.layer3.2.bn1.running_mean                                 of shape (256,)
2019-06-28 22:47:16,415 [INFO ]  backbone.body.layer3.2.bn1.running_var                                  loaded from backbone.body.layer3.2.bn1.running_var                                  of shape (256,)
2019-06-28 22:47:16,415 [INFO ]  backbone.body.layer3.2.bn1.weight                                       loaded from backbone.body.layer3.2.bn1.weight                                       of shape (256,)
2019-06-28 22:47:16,415 [INFO ]  backbone.body.layer3.2.bn2.bias                                         loaded from backbone.body.layer3.2.bn2.bias                                         of shape (256,)
2019-06-28 22:47:16,415 [INFO ]  backbone.body.layer3.2.bn2.running_mean                                 loaded from backbone.body.layer3.2.bn2.running_mean                                 of shape (256,)
2019-06-28 22:47:16,415 [INFO ]  backbone.body.layer3.2.bn2.running_var                                  loaded from backbone.body.layer3.2.bn2.running_var                                  of shape (256,)
2019-06-28 22:47:16,415 [INFO ]  backbone.body.layer3.2.bn2.weight                                       loaded from backbone.body.layer3.2.bn2.weight                                       of shape (256,)
2019-06-28 22:47:16,415 [INFO ]  backbone.body.layer3.2.bn3.bias                                         loaded from backbone.body.layer3.2.bn3.bias                                         of shape (1024,)
2019-06-28 22:47:16,415 [INFO ]  backbone.body.layer3.2.bn3.running_mean                                 loaded from backbone.body.layer3.2.bn3.running_mean                                 of shape (1024,)
2019-06-28 22:47:16,416 [INFO ]  backbone.body.layer3.2.bn3.running_var                                  loaded from backbone.body.layer3.2.bn3.running_var                                  of shape (1024,)
2019-06-28 22:47:16,416 [INFO ]  backbone.body.layer3.2.bn3.weight                                       loaded from backbone.body.layer3.2.bn3.weight                                       of shape (1024,)
2019-06-28 22:47:16,416 [INFO ]  backbone.body.layer3.2.conv1.weight                                     loaded from backbone.body.layer3.2.conv1.weight                                     of shape (256, 1024, 1, 1)
2019-06-28 22:47:16,416 [INFO ]  backbone.body.layer3.2.conv2.weight                                     loaded from backbone.body.layer3.2.conv2.weight                                     of shape (256, 256, 3, 3)
2019-06-28 22:47:16,416 [INFO ]  backbone.body.layer3.2.conv3.weight                                     loaded from backbone.body.layer3.2.conv3.weight                                     of shape (1024, 256, 1, 1)
2019-06-28 22:47:16,416 [INFO ]  backbone.body.layer3.3.bn1.bias                                         loaded from backbone.body.layer3.3.bn1.bias                                         of shape (256,)
2019-06-28 22:47:16,416 [INFO ]  backbone.body.layer3.3.bn1.running_mean                                 loaded from backbone.body.layer3.3.bn1.running_mean                                 of shape (256,)
2019-06-28 22:47:16,416 [INFO ]  backbone.body.layer3.3.bn1.running_var                                  loaded from backbone.body.layer3.3.bn1.running_var                                  of shape (256,)
2019-06-28 22:47:16,416 [INFO ]  backbone.body.layer3.3.bn1.weight                                       loaded from backbone.body.layer3.3.bn1.weight                                       of shape (256,)
2019-06-28 22:47:16,416 [INFO ]  backbone.body.layer3.3.bn2.bias                                         loaded from backbone.body.layer3.3.bn2.bias                                         of shape (256,)
2019-06-28 22:47:16,416 [INFO ]  backbone.body.layer3.3.bn2.running_mean                                 loaded from backbone.body.layer3.3.bn2.running_mean                                 of shape (256,)
2019-06-28 22:47:16,416 [INFO ]  backbone.body.layer3.3.bn2.running_var                                  loaded from backbone.body.layer3.3.bn2.running_var                                  of shape (256,)
2019-06-28 22:47:16,417 [INFO ]  backbone.body.layer3.3.bn2.weight                                       loaded from backbone.body.layer3.3.bn2.weight                                       of shape (256,)
2019-06-28 22:47:16,417 [INFO ]  backbone.body.layer3.3.bn3.bias                                         loaded from backbone.body.layer3.3.bn3.bias                                         of shape (1024,)
2019-06-28 22:47:16,417 [INFO ]  backbone.body.layer3.3.bn3.running_mean                                 loaded from backbone.body.layer3.3.bn3.running_mean                                 of shape (1024,)
2019-06-28 22:47:16,417 [INFO ]  backbone.body.layer3.3.bn3.running_var                                  loaded from backbone.body.layer3.3.bn3.running_var                                  of shape (1024,)
2019-06-28 22:47:16,417 [INFO ]  backbone.body.layer3.3.bn3.weight                                       loaded from backbone.body.layer3.3.bn3.weight                                       of shape (1024,)
2019-06-28 22:47:16,417 [INFO ]  backbone.body.layer3.3.conv1.weight                                     loaded from backbone.body.layer3.3.conv1.weight                                     of shape (256, 1024, 1, 1)
2019-06-28 22:47:16,417 [INFO ]  backbone.body.layer3.3.conv2.weight                                     loaded from backbone.body.layer3.3.conv2.weight                                     of shape (256, 256, 3, 3)
2019-06-28 22:47:16,417 [INFO ]  backbone.body.layer3.3.conv3.weight                                     loaded from backbone.body.layer3.3.conv3.weight                                     of shape (1024, 256, 1, 1)
2019-06-28 22:47:16,417 [INFO ]  backbone.body.layer3.4.bn1.bias                                         loaded from backbone.body.layer3.4.bn1.bias                                         of shape (256,)
2019-06-28 22:47:16,417 [INFO ]  backbone.body.layer3.4.bn1.running_mean                                 loaded from backbone.body.layer3.4.bn1.running_mean                                 of shape (256,)
2019-06-28 22:47:16,417 [INFO ]  backbone.body.layer3.4.bn1.running_var                                  loaded from backbone.body.layer3.4.bn1.running_var                                  of shape (256,)
2019-06-28 22:47:16,417 [INFO ]  backbone.body.layer3.4.bn1.weight                                       loaded from backbone.body.layer3.4.bn1.weight                                       of shape (256,)
2019-06-28 22:47:16,417 [INFO ]  backbone.body.layer3.4.bn2.bias                                         loaded from backbone.body.layer3.4.bn2.bias                                         of shape (256,)
2019-06-28 22:47:16,418 [INFO ]  backbone.body.layer3.4.bn2.running_mean                                 loaded from backbone.body.layer3.4.bn2.running_mean                                 of shape (256,)
2019-06-28 22:47:16,418 [INFO ]  backbone.body.layer3.4.bn2.running_var                                  loaded from backbone.body.layer3.4.bn2.running_var                                  of shape (256,)
2019-06-28 22:47:16,418 [INFO ]  backbone.body.layer3.4.bn2.weight                                       loaded from backbone.body.layer3.4.bn2.weight                                       of shape (256,)
2019-06-28 22:47:16,418 [INFO ]  backbone.body.layer3.4.bn3.bias                                         loaded from backbone.body.layer3.4.bn3.bias                                         of shape (1024,)
2019-06-28 22:47:16,418 [INFO ]  backbone.body.layer3.4.bn3.running_mean                                 loaded from backbone.body.layer3.4.bn3.running_mean                                 of shape (1024,)
2019-06-28 22:47:16,418 [INFO ]  backbone.body.layer3.4.bn3.running_var                                  loaded from backbone.body.layer3.4.bn3.running_var                                  of shape (1024,)
2019-06-28 22:47:16,418 [INFO ]  backbone.body.layer3.4.bn3.weight                                       loaded from backbone.body.layer3.4.bn3.weight                                       of shape (1024,)
2019-06-28 22:47:16,418 [INFO ]  backbone.body.layer3.4.conv1.weight                                     loaded from backbone.body.layer3.4.conv1.weight                                     of shape (256, 1024, 1, 1)
2019-06-28 22:47:16,418 [INFO ]  backbone.body.layer3.4.conv2.weight                                     loaded from backbone.body.layer3.4.conv2.weight                                     of shape (256, 256, 3, 3)
2019-06-28 22:47:16,418 [INFO ]  backbone.body.layer3.4.conv3.weight                                     loaded from backbone.body.layer3.4.conv3.weight                                     of shape (1024, 256, 1, 1)
2019-06-28 22:47:16,418 [INFO ]  backbone.body.layer3.5.bn1.bias                                         loaded from backbone.body.layer3.5.bn1.bias                                         of shape (256,)
2019-06-28 22:47:16,418 [INFO ]  backbone.body.layer3.5.bn1.running_mean                                 loaded from backbone.body.layer3.5.bn1.running_mean                                 of shape (256,)
2019-06-28 22:47:16,419 [INFO ]  backbone.body.layer3.5.bn1.running_var                                  loaded from backbone.body.layer3.5.bn1.running_var                                  of shape (256,)
2019-06-28 22:47:16,419 [INFO ]  backbone.body.layer3.5.bn1.weight                                       loaded from backbone.body.layer3.5.bn1.weight                                       of shape (256,)
2019-06-28 22:47:16,419 [INFO ]  backbone.body.layer3.5.bn2.bias                                         loaded from backbone.body.layer3.5.bn2.bias                                         of shape (256,)
2019-06-28 22:47:16,419 [INFO ]  backbone.body.layer3.5.bn2.running_mean                                 loaded from backbone.body.layer3.5.bn2.running_mean                                 of shape (256,)
2019-06-28 22:47:16,419 [INFO ]  backbone.body.layer3.5.bn2.running_var                                  loaded from backbone.body.layer3.5.bn2.running_var                                  of shape (256,)
2019-06-28 22:47:16,419 [INFO ]  backbone.body.layer3.5.bn2.weight                                       loaded from backbone.body.layer3.5.bn2.weight                                       of shape (256,)
2019-06-28 22:47:16,419 [INFO ]  backbone.body.layer3.5.bn3.bias                                         loaded from backbone.body.layer3.5.bn3.bias                                         of shape (1024,)
2019-06-28 22:47:16,419 [INFO ]  backbone.body.layer3.5.bn3.running_mean                                 loaded from backbone.body.layer3.5.bn3.running_mean                                 of shape (1024,)
2019-06-28 22:47:16,419 [INFO ]  backbone.body.layer3.5.bn3.running_var                                  loaded from backbone.body.layer3.5.bn3.running_var                                  of shape (1024,)
2019-06-28 22:47:16,419 [INFO ]  backbone.body.layer3.5.bn3.weight                                       loaded from backbone.body.layer3.5.bn3.weight                                       of shape (1024,)
2019-06-28 22:47:16,419 [INFO ]  backbone.body.layer3.5.conv1.weight                                     loaded from backbone.body.layer3.5.conv1.weight                                     of shape (256, 1024, 1, 1)
2019-06-28 22:47:16,419 [INFO ]  backbone.body.layer3.5.conv2.weight                                     loaded from backbone.body.layer3.5.conv2.weight                                     of shape (256, 256, 3, 3)
2019-06-28 22:47:16,419 [INFO ]  backbone.body.layer3.5.conv3.weight                                     loaded from backbone.body.layer3.5.conv3.weight                                     of shape (1024, 256, 1, 1)
2019-06-28 22:47:16,420 [INFO ]  backbone.body.stem.bn1.bias                                             loaded from backbone.body.stem.bn1.bias                                             of shape (64,)
2019-06-28 22:47:16,420 [INFO ]  backbone.body.stem.bn1.running_mean                                     loaded from backbone.body.stem.bn1.running_mean                                     of shape (64,)
2019-06-28 22:47:16,420 [INFO ]  backbone.body.stem.bn1.running_var                                      loaded from backbone.body.stem.bn1.running_var                                      of shape (64,)
2019-06-28 22:47:16,420 [INFO ]  backbone.body.stem.bn1.weight                                           loaded from backbone.body.stem.bn1.weight                                           of shape (64,)
2019-06-28 22:47:16,420 [INFO ]  backbone.body.stem.conv1.weight                                         loaded from backbone.body.stem.conv1.weight                                         of shape (64, 3, 7, 7)
2019-06-28 22:47:16,429 [INFO ]  roi_heads.box.feature_extractor.head.layer4.0.bn1.bias                  loaded from roi_heads.box.feature_extractor.head.layer4.0.bn1.bias                  of shape (512,)
2019-06-28 22:47:16,429 [INFO ]  roi_heads.box.feature_extractor.head.layer4.0.bn1.running_mean          loaded from roi_heads.box.feature_extractor.head.layer4.0.bn1.running_mean          of shape (512,)
2019-06-28 22:47:16,429 [INFO ]  roi_heads.box.feature_extractor.head.layer4.0.bn1.running_var           loaded from roi_heads.box.feature_extractor.head.layer4.0.bn1.running_var           of shape (512,)
2019-06-28 22:47:16,430 [INFO ]  roi_heads.box.feature_extractor.head.layer4.0.bn1.weight                loaded from roi_heads.box.feature_extractor.head.layer4.0.bn1.weight                of shape (512,)
2019-06-28 22:47:16,430 [INFO ]  roi_heads.box.feature_extractor.head.layer4.0.bn2.bias                  loaded from roi_heads.box.feature_extractor.head.layer4.0.bn2.bias                  of shape (512,)
2019-06-28 22:47:16,430 [INFO ]  roi_heads.box.feature_extractor.head.layer4.0.bn2.running_mean          loaded from roi_heads.box.feature_extractor.head.layer4.0.bn2.running_mean          of shape (512,)
2019-06-28 22:47:16,430 [INFO ]  roi_heads.box.feature_extractor.head.layer4.0.bn2.running_var           loaded from roi_heads.box.feature_extractor.head.layer4.0.bn2.running_var           of shape (512,)
2019-06-28 22:47:16,430 [INFO ]  roi_heads.box.feature_extractor.head.layer4.0.bn2.weight                loaded from roi_heads.box.feature_extractor.head.layer4.0.bn2.weight                of shape (512,)
2019-06-28 22:47:16,430 [INFO ]  roi_heads.box.feature_extractor.head.layer4.0.bn3.bias                  loaded from roi_heads.box.feature_extractor.head.layer4.0.bn3.bias                  of shape (2048,)
2019-06-28 22:47:16,430 [INFO ]  roi_heads.box.feature_extractor.head.layer4.0.bn3.running_mean          loaded from roi_heads.box.feature_extractor.head.layer4.0.bn3.running_mean          of shape (2048,)
2019-06-28 22:47:16,430 [INFO ]  roi_heads.box.feature_extractor.head.layer4.0.bn3.running_var           loaded from roi_heads.box.feature_extractor.head.layer4.0.bn3.running_var           of shape (2048,)
2019-06-28 22:47:16,430 [INFO ]  roi_heads.box.feature_extractor.head.layer4.0.bn3.weight                loaded from roi_heads.box.feature_extractor.head.layer4.0.bn3.weight                of shape (2048,)
2019-06-28 22:47:16,430 [INFO ]  roi_heads.box.feature_extractor.head.layer4.0.conv1.weight              loaded from roi_heads.box.feature_extractor.head.layer4.0.conv1.weight              of shape (512, 1024, 1, 1)
2019-06-28 22:47:16,430 [INFO ]  roi_heads.box.feature_extractor.head.layer4.0.conv2.weight              loaded from roi_heads.box.feature_extractor.head.layer4.0.conv2.weight              of shape (512, 512, 3, 3)
2019-06-28 22:47:16,430 [INFO ]  roi_heads.box.feature_extractor.head.layer4.0.conv3.weight              loaded from roi_heads.box.feature_extractor.head.layer4.0.conv3.weight              of shape (2048, 512, 1, 1)
2019-06-28 22:47:16,431 [INFO ]  roi_heads.box.feature_extractor.head.layer4.0.downsample.0.weight       loaded from roi_heads.box.feature_extractor.head.layer4.0.downsample.0.weight       of shape (2048, 1024, 1, 1)
2019-06-28 22:47:16,431 [INFO ]  roi_heads.box.feature_extractor.head.layer4.0.downsample.1.bias         loaded from roi_heads.box.feature_extractor.head.layer4.0.downsample.1.bias         of shape (2048,)
2019-06-28 22:47:16,431 [INFO ]  roi_heads.box.feature_extractor.head.layer4.0.downsample.1.running_mean loaded from roi_heads.box.feature_extractor.head.layer4.0.downsample.1.running_mean of shape (2048,)
2019-06-28 22:47:16,431 [INFO ]  roi_heads.box.feature_extractor.head.layer4.0.downsample.1.running_var  loaded from roi_heads.box.feature_extractor.head.layer4.0.downsample.1.running_var  of shape (2048,)
2019-06-28 22:47:16,431 [INFO ]  roi_heads.box.feature_extractor.head.layer4.0.downsample.1.weight       loaded from roi_heads.box.feature_extractor.head.layer4.0.downsample.1.weight       of shape (2048,)
2019-06-28 22:47:16,432 [INFO ]  roi_heads.box.feature_extractor.head.layer4.1.bn1.bias                  loaded from roi_heads.box.feature_extractor.head.layer4.1.bn1.bias                  of shape (512,)
2019-06-28 22:47:16,432 [INFO ]  roi_heads.box.feature_extractor.head.layer4.1.bn1.running_mean          loaded from roi_heads.box.feature_extractor.head.layer4.1.bn1.running_mean          of shape (512,)
2019-06-28 22:47:16,432 [INFO ]  roi_heads.box.feature_extractor.head.layer4.1.bn1.running_var           loaded from roi_heads.box.feature_extractor.head.layer4.1.bn1.running_var           of shape (512,)
2019-06-28 22:47:16,432 [INFO ]  roi_heads.box.feature_extractor.head.layer4.1.bn1.weight                loaded from roi_heads.box.feature_extractor.head.layer4.1.bn1.weight                of shape (512,)
2019-06-28 22:47:16,432 [INFO ]  roi_heads.box.feature_extractor.head.layer4.1.bn2.bias                  loaded from roi_heads.box.feature_extractor.head.layer4.1.bn2.bias                  of shape (512,)
2019-06-28 22:47:16,432 [INFO ]  roi_heads.box.feature_extractor.head.layer4.1.bn2.running_mean          loaded from roi_heads.box.feature_extractor.head.layer4.1.bn2.running_mean          of shape (512,)
2019-06-28 22:47:16,432 [INFO ]  roi_heads.box.feature_extractor.head.layer4.1.bn2.running_var           loaded from roi_heads.box.feature_extractor.head.layer4.1.bn2.running_var           of shape (512,)
2019-06-28 22:47:16,432 [INFO ]  roi_heads.box.feature_extractor.head.layer4.1.bn2.weight                loaded from roi_heads.box.feature_extractor.head.layer4.1.bn2.weight                of shape (512,)
2019-06-28 22:47:16,433 [INFO ]  roi_heads.box.feature_extractor.head.layer4.1.bn3.bias                  loaded from roi_heads.box.feature_extractor.head.layer4.1.bn3.bias                  of shape (2048,)
2019-06-28 22:47:16,433 [INFO ]  roi_heads.box.feature_extractor.head.layer4.1.bn3.running_mean          loaded from roi_heads.box.feature_extractor.head.layer4.1.bn3.running_mean          of shape (2048,)
2019-06-28 22:47:16,433 [INFO ]  roi_heads.box.feature_extractor.head.layer4.1.bn3.running_var           loaded from roi_heads.box.feature_extractor.head.layer4.1.bn3.running_var           of shape (2048,)
2019-06-28 22:47:16,433 [INFO ]  roi_heads.box.feature_extractor.head.layer4.1.bn3.weight                loaded from roi_heads.box.feature_extractor.head.layer4.1.bn3.weight                of shape (2048,)
2019-06-28 22:47:16,433 [INFO ]  roi_heads.box.feature_extractor.head.layer4.1.conv1.weight              loaded from roi_heads.box.feature_extractor.head.layer4.1.conv1.weight              of shape (512, 2048, 1, 1)
2019-06-28 22:47:16,433 [INFO ]  roi_heads.box.feature_extractor.head.layer4.1.conv2.weight              loaded from roi_heads.box.feature_extractor.head.layer4.1.conv2.weight              of shape (512, 512, 3, 3)
2019-06-28 22:47:16,433 [INFO ]  roi_heads.box.feature_extractor.head.layer4.1.conv3.weight              loaded from roi_heads.box.feature_extractor.head.layer4.1.conv3.weight              of shape (2048, 512, 1, 1)
2019-06-28 22:47:16,433 [INFO ]  roi_heads.box.feature_extractor.head.layer4.2.bn1.bias                  loaded from roi_heads.box.feature_extractor.head.layer4.2.bn1.bias                  of shape (512,)
2019-06-28 22:47:16,433 [INFO ]  roi_heads.box.feature_extractor.head.layer4.2.bn1.running_mean          loaded from roi_heads.box.feature_extractor.head.layer4.2.bn1.running_mean          of shape (512,)
2019-06-28 22:47:16,433 [INFO ]  roi_heads.box.feature_extractor.head.layer4.2.bn1.running_var           loaded from roi_heads.box.feature_extractor.head.layer4.2.bn1.running_var           of shape (512,)
2019-06-28 22:47:16,433 [INFO ]  roi_heads.box.feature_extractor.head.layer4.2.bn1.weight                loaded from roi_heads.box.feature_extractor.head.layer4.2.bn1.weight                of shape (512,)
2019-06-28 22:47:16,433 [INFO ]  roi_heads.box.feature_extractor.head.layer4.2.bn2.bias                  loaded from roi_heads.box.feature_extractor.head.layer4.2.bn2.bias                  of shape (512,)
2019-06-28 22:47:16,447 [INFO ]  roi_heads.box.feature_extractor.head.layer4.2.bn2.running_mean          loaded from roi_heads.box.feature_extractor.head.layer4.2.bn2.running_mean          of shape (512,)
2019-06-28 22:47:16,447 [INFO ]  roi_heads.box.feature_extractor.head.layer4.2.bn2.running_var           loaded from roi_heads.box.feature_extractor.head.layer4.2.bn2.running_var           of shape (512,)
2019-06-28 22:47:16,447 [INFO ]  roi_heads.box.feature_extractor.head.layer4.2.bn2.weight                loaded from roi_heads.box.feature_extractor.head.layer4.2.bn2.weight                of shape (512,)
2019-06-28 22:47:16,447 [INFO ]  roi_heads.box.feature_extractor.head.layer4.2.bn3.bias                  loaded from roi_heads.box.feature_extractor.head.layer4.2.bn3.bias                  of shape (2048,)
2019-06-28 22:47:16,447 [INFO ]  roi_heads.box.feature_extractor.head.layer4.2.bn3.running_mean          loaded from roi_heads.box.feature_extractor.head.layer4.2.bn3.running_mean          of shape (2048,)
2019-06-28 22:47:16,447 [INFO ]  roi_heads.box.feature_extractor.head.layer4.2.bn3.running_var           loaded from roi_heads.box.feature_extractor.head.layer4.2.bn3.running_var           of shape (2048,)
2019-06-28 22:47:16,447 [INFO ]  roi_heads.box.feature_extractor.head.layer4.2.bn3.weight                loaded from roi_heads.box.feature_extractor.head.layer4.2.bn3.weight                of shape (2048,)
2019-06-28 22:47:16,447 [INFO ]  roi_heads.box.feature_extractor.head.layer4.2.conv1.weight              loaded from roi_heads.box.feature_extractor.head.layer4.2.conv1.weight              of shape (512, 2048, 1, 1)
2019-06-28 22:47:16,448 [INFO ]  roi_heads.box.feature_extractor.head.layer4.2.conv2.weight              loaded from roi_heads.box.feature_extractor.head.layer4.2.conv2.weight              of shape (512, 512, 3, 3)
2019-06-28 22:47:16,448 [INFO ]  roi_heads.box.feature_extractor.head.layer4.2.conv3.weight              loaded from roi_heads.box.feature_extractor.head.layer4.2.conv3.weight              of shape (2048, 512, 1, 1)
2019-06-28 22:47:16,448 [INFO ]  roi_heads.box.predictor.bbox_pred.bias                                  loaded from roi_heads.box.predictor.bbox_pred.bias                                  of shape (12,)
2019-06-28 22:47:16,448 [INFO ]  roi_heads.box.predictor.bbox_pred.weight                                loaded from roi_heads.box.predictor.bbox_pred.weight                                of shape (12, 2048)
2019-06-28 22:47:16,448 [INFO ]  roi_heads.box.predictor.cls_score.bias                                  loaded from roi_heads.box.predictor.cls_score.bias                                  of shape (3,)
2019-06-28 22:47:16,448 [INFO ]  roi_heads.box.predictor.cls_score.weight                                loaded from roi_heads.box.predictor.cls_score.weight                                of shape (3, 2048)
2019-06-28 22:47:16,448 [INFO ]  rpn.anchor_generator.cell_anchors.0                                     loaded from rpn.anchor_generator.cell_anchors.0                                     of shape (15, 4)
2019-06-28 22:47:16,448 [INFO ]  rpn.head.bbox_pred.bias                                                 loaded from rpn.head.bbox_pred.bias                                                 of shape (60,)
2019-06-28 22:47:16,448 [INFO ]  rpn.head.bbox_pred.weight                                               loaded from rpn.head.bbox_pred.weight                                               of shape (60, 1024, 1, 1)
2019-06-28 22:47:16,448 [INFO ]  rpn.head.cls_logits.bias                                                loaded from rpn.head.cls_logits.bias                                                of shape (15,)
2019-06-28 22:47:16,448 [INFO ]  rpn.head.cls_logits.weight                                              loaded from rpn.head.cls_logits.weight                                              of shape (15, 1024, 1, 1)
2019-06-28 22:47:16,448 [INFO ]  rpn.head.conv.bias                                                      loaded from rpn.head.conv.bias                                                      of shape (1024,)
2019-06-28 22:47:16,449 [INFO ]  rpn.head.conv.weight                                                    loaded from rpn.head.conv.weight                                                    of shape (1024, 1024, 3, 3)
